2023-03-01 01:07:08,037 INFO com.example.file.converter.FileConverterApplication [main] Starting FileConverterApplication using Java 17.0.6 with PID 4652 (C:\Users\lokesh\Documents\workspace-xml-to-csv\fileConverter\target\classes started by lokesh in C:\Users\lokesh\Documents\workspace-xml-to-csv\fileConverter)
2023-03-01 01:07:08,067 DEBUG com.example.file.converter.FileConverterApplication [main] Running with Spring Boot v3.0.2, Spring v6.0.4
2023-03-01 01:07:08,070 INFO com.example.file.converter.FileConverterApplication [main] No active profile set, falling back to 1 default profile: "default"
2023-03-01 01:07:09,351 INFO com.example.file.converter.FileConverterApplication [main] Started FileConverterApplication in 3.205 seconds (process running for 6.325)
2023-03-01 01:07:09,356 INFO com.example.file.converter.service.ConvertXMLToCsvService [main] Processing start....................
2023-03-01 01:07:09,357 INFO com.example.file.converter.service.ConvertXMLToCsvService [main] Extracting .zip file D:\input\20230206090000.zip to D:\input\20230206090000
2023-03-01 01:07:09,389 INFO com.example.file.converter.service.ConvertXMLToCsvService [main] File Extracted successfully
2023-03-01 01:07:09,484 INFO com.example.file.converter.service.ConvertXMLToCsvService [main] Processing file starts.D:\input\20230206090000\TRANS.A.xml
2023-03-01 01:07:09,501 INFO com.example.file.converter.service.ConvertXMLToCsvService [main] Processing file successful for D:\input\20230206090000\TRANS.A.xml
2023-03-01 01:07:09,502 INFO com.example.file.converter.service.ConvertXMLToCsvService [main] Processing file starts.D:\input\20230206090000\TRANS.CH.xml
2023-03-01 01:07:09,529 INFO com.example.file.converter.service.ConvertXMLToCsvService [main] Processing file successful for D:\input\20230206090000\TRANS.CH.xml
2023-03-01 01:07:09,529 INFO com.example.file.converter.service.ConvertXMLToCsvService [main] Processing file starts.D:\input\20230206090000\TRANS.ME.xml
2023-03-01 01:07:09,535 INFO com.example.file.converter.service.ConvertXMLToCsvService [main] OLD_OFFENDER_ID will become offender ID for this ME file.
2023-03-01 01:07:09,550 ERROR com.example.file.converter.service.ConvertXMLToCsvService [main] Error while procesing file D:\input\20230206090000\TRANS.ME.xml Cannot invoke "org.w3c.dom.Node.getTextContent()" because the return value of "org.w3c.dom.NodeList.item(int)" is null
2023-03-01 01:07:09,550 INFO com.example.file.converter.service.ConvertXMLToCsvService [main] Processing file starts.D:\input\20230206090000\TRANS.OA.xml
2023-03-01 01:07:09,566 INFO com.example.file.converter.service.ConvertXMLToCsvService [main] Processing file successful for D:\input\20230206090000\TRANS.OA.xml
2023-03-01 01:07:09,566 INFO com.example.file.converter.service.ConvertXMLToCsvService [main] Processing file starts.D:\input\20230206090000\TRANS.OD.xml
2023-03-01 01:07:09,575 INFO com.example.file.converter.service.ConvertXMLToCsvService [main] Processing file successful for D:\input\20230206090000\TRANS.OD.xml
2023-03-01 01:07:09,576 INFO com.example.file.converter.service.ConvertXMLToCsvService [main] Processing file starts.D:\input\20230206090000\TRANS.OI.xml
2023-03-01 01:07:09,595 INFO com.example.file.converter.service.ConvertXMLToCsvService [main] Processing file successful for D:\input\20230206090000\TRANS.OI.xml
2023-03-01 01:07:09,596 INFO com.example.file.converter.service.ConvertXMLToCsvService [main] Processing file starts.D:\input\20230206090000\TRANS.OR.xml
2023-03-01 01:07:09,615 INFO com.example.file.converter.service.ConvertXMLToCsvService [main] Processing file successful for D:\input\20230206090000\TRANS.OR.xml
2023-03-01 01:07:09,616 INFO com.example.file.converter.service.ConvertXMLToCsvService [main] Processing file starts.D:\input\20230206090000\TRANS.PD.xml
2023-03-01 01:07:09,624 INFO com.example.file.converter.service.ConvertXMLToCsvService [main] Processing file successful for D:\input\20230206090000\TRANS.PD.xml
2023-03-01 01:07:09,624 INFO com.example.file.converter.service.ConvertXMLToCsvService [main] Processing file starts.D:\input\20230206090000\TRANS.VA.xml
2023-03-01 01:07:09,628 INFO com.example.file.converter.service.ConvertXMLToCsvService [main] Victim_ID will become offender ID for this VA file.
2023-03-01 01:07:09,629 ERROR com.example.file.converter.service.ConvertXMLToCsvService [main] Error while procesing file D:\input\20230206090000\TRANS.VA.xml Cannot invoke "org.w3c.dom.Node.getTextContent()" because the return value of "org.w3c.dom.NodeList.item(int)" is null
2023-03-01 01:07:09,629 INFO com.example.file.converter.service.ConvertXMLToCsvService [main] Processing file starts.D:\input\20230206090000\TRANS.VR.xml
2023-03-01 01:07:09,634 INFO com.example.file.converter.service.ConvertXMLToCsvService [main] Processing file successful for D:\input\20230206090000\TRANS.VR.xml
2023-03-01 01:07:09,657 INFO com.example.file.converter.service.ConvertXMLToCsvService [main] File Path where CSV file will be created is D:\output\20230206090000.csv
2023-03-01 01:07:09,692 INFO com.example.file.converter.service.ConvertXMLToCsvService [main] Processing end...............................
